<?xml version="1.0" encoding="UTF-8"?>
<testsuite xmlns:xsi="http://www.w3.org/2001/XMLSchema-instance" xsi:noNamespaceSchemaLocation="https://maven.apache.org/surefire/maven-surefire-plugin/xsd/surefire-test-report.xsd" name="com.parkit.parkingsystem.ParkingServiceTest" time="0.077" tests="7" errors="0" skipped="0" failures="0">
  <properties>
[...]
</properties>
  <testcase name="incorrectInputProvidedForVehicleTypeTest" classname="com.parkit.parkingsystem.ParkingServiceTest" time="0.032"/>
  <testcase name="parkingSpotHashCodeTest" classname="com.parkit.parkingsystem.ParkingServiceTest" time="0"/>
  <testcase name="unableToUpdateTicketWhenExitingVehiculeTest" classname="com.parkit.parkingsystem.ParkingServiceTest" time="0.001"/>
  <testcase name="parkingSpotNullForIncomingVehiculeTest" classname="com.parkit.parkingsystem.ParkingServiceTest" time="0.02"/>
  <testcase name="parkingSlotFullIncomingVehiculeTest" classname="com.parkit.parkingsystem.ParkingServiceTest" time="0.008"/>
  <testcase name="processExitingVehicleTest" classname="com.parkit.parkingsystem.ParkingServiceTest" time="0.002"/>
  <testcase name="incorrectInputWhenExitingVehiculeTest" classname="com.parkit.parkingsystem.ParkingServiceTest" time="0.013"/>
</testsuite>